[0.008s] Invoking command in '/home/bninaos/Documents/ros2_ws/build/cpp_srvcli': AMENT_PREFIX_PATH=/home/bninaos/Documents/ros2_ws/install/seabot_interfaces:${AMENT_PREFIX_PATH} CMAKE_PREFIX_PATH=/home/bninaos/Documents/ros2_ws/install/seabot_interfaces:/home/bninaos/microros/install/micro_ros_setup:/home/bninaos/microros/install/micro_ros_agent:/home/bninaos/microros/install/micro_ros_msgs:/opt/ros/humble LD_LIBRARY_PATH=/home/bninaos/Documents/ros2_ws/install/seabot_interfaces/lib:${LD_LIBRARY_PATH} PYTHONPATH=/home/bninaos/Documents/ros2_ws/install/seabot_interfaces/local/lib/python3.10/dist-packages:${PYTHONPATH} /usr/bin/cmake /home/bninaos/Documents/ros2_ws/src/cpp_srvcli -DCMAKE_INSTALL_PREFIX=/home/bninaos/Documents/ros2_ws/install/cpp_srvcli
[0.049s] -- The C compiler identification is GNU 11.4.0
[0.098s] -- The CXX compiler identification is GNU 11.4.0
[0.103s] -- Detecting C compiler ABI info
[0.188s] -- Detecting C compiler ABI info - done
[0.194s] -- Check for working C compiler: /usr/bin/cc - skipped
[0.194s] -- Detecting C compile features
[0.194s] -- Detecting C compile features - done
[0.197s] -- Detecting CXX compiler ABI info
[0.255s] -- Detecting CXX compiler ABI info - done
[0.260s] -- Check for working CXX compiler: /usr/bin/c++ - skipped
[0.260s] -- Detecting CXX compile features
[0.261s] -- Detecting CXX compile features - done
[0.262s] -- Found ament_cmake: 1.3.10 (/opt/ros/humble/share/ament_cmake/cmake)
[0.349s] -- Found Python3: /usr/bin/python3 (found version "3.10.12") found components: Interpreter 
[0.403s] -- Found ament_lint_auto: 0.12.11 (/opt/ros/humble/share/ament_lint_auto/cmake)
[0.454s] -- Found rclcpp: 16.0.10 (/opt/ros/humble/share/rclcpp/cmake)
[0.478s] -- Found rosidl_generator_c: 3.1.5 (/opt/ros/humble/share/rosidl_generator_c/cmake)
[0.481s] -- Found rosidl_adapter: 3.1.5 (/opt/ros/humble/share/rosidl_adapter/cmake)
[0.486s] -- Found rosidl_generator_cpp: 3.1.5 (/opt/ros/humble/share/rosidl_generator_cpp/cmake)
[0.493s] -- Using all available rosidl_typesupport_c: rosidl_typesupport_fastrtps_c;rosidl_typesupport_introspection_c
[0.503s] -- Using all available rosidl_typesupport_cpp: rosidl_typesupport_fastrtps_cpp;rosidl_typesupport_introspection_cpp
[0.529s] -- Found rmw_implementation_cmake: 6.1.2 (/opt/ros/humble/share/rmw_implementation_cmake/cmake)
[0.531s] -- Found rmw_fastrtps_cpp: 6.2.7 (/opt/ros/humble/share/rmw_fastrtps_cpp/cmake)
[0.584s] -- Found OpenSSL: /usr/lib/x86_64-linux-gnu/libcrypto.so (found version "3.0.2")  
[0.597s] -- Found FastRTPS: /opt/ros/humble/include  
[0.617s] -- Using RMW implementation 'rmw_fastrtps_cpp' as default
[0.622s] -- Looking for pthread.h
[0.702s] -- Looking for pthread.h - found
[0.702s] -- Performing Test CMAKE_HAVE_LIBC_PTHREAD
[0.789s] -- Performing Test CMAKE_HAVE_LIBC_PTHREAD - Success
[0.789s] -- Found Threads: TRUE  
[0.821s] -- Found seabot_interfaces: 0.0.0 (/home/bninaos/Documents/ros2_ws/install/seabot_interfaces/share/seabot_interfaces/cmake)
[0.830s] -- Added test 'cppcheck' to perform static code analysis on C / C++ code
[0.830s] -- Configured cppcheck include dirs: 
[0.830s] -- Configured cppcheck exclude dirs and/or files: 
[0.830s] -- Added test 'lint_cmake' to check CMake code style
[0.831s] -- Added test 'uncrustify' to check C / C++ code style
[0.831s] -- Configured uncrustify additional arguments: 
[0.831s] -- Added test 'xmllint' to check XML markup files
[0.832s] -- Configuring done
[0.838s] -- Generating done
[0.839s] -- Build files have been written to: /home/bninaos/Documents/ros2_ws/build/cpp_srvcli
[0.845s] Invoked command in '/home/bninaos/Documents/ros2_ws/build/cpp_srvcli' returned '0': AMENT_PREFIX_PATH=/home/bninaos/Documents/ros2_ws/install/seabot_interfaces:${AMENT_PREFIX_PATH} CMAKE_PREFIX_PATH=/home/bninaos/Documents/ros2_ws/install/seabot_interfaces:/home/bninaos/microros/install/micro_ros_setup:/home/bninaos/microros/install/micro_ros_agent:/home/bninaos/microros/install/micro_ros_msgs:/opt/ros/humble LD_LIBRARY_PATH=/home/bninaos/Documents/ros2_ws/install/seabot_interfaces/lib:${LD_LIBRARY_PATH} PYTHONPATH=/home/bninaos/Documents/ros2_ws/install/seabot_interfaces/local/lib/python3.10/dist-packages:${PYTHONPATH} /usr/bin/cmake /home/bninaos/Documents/ros2_ws/src/cpp_srvcli -DCMAKE_INSTALL_PREFIX=/home/bninaos/Documents/ros2_ws/install/cpp_srvcli
[0.846s] Invoking command in '/home/bninaos/Documents/ros2_ws/build/cpp_srvcli': AMENT_PREFIX_PATH=/home/bninaos/Documents/ros2_ws/install/seabot_interfaces:${AMENT_PREFIX_PATH} CMAKE_PREFIX_PATH=/home/bninaos/Documents/ros2_ws/install/seabot_interfaces:/home/bninaos/microros/install/micro_ros_setup:/home/bninaos/microros/install/micro_ros_agent:/home/bninaos/microros/install/micro_ros_msgs:/opt/ros/humble LD_LIBRARY_PATH=/home/bninaos/Documents/ros2_ws/install/seabot_interfaces/lib:${LD_LIBRARY_PATH} PYTHONPATH=/home/bninaos/Documents/ros2_ws/install/seabot_interfaces/local/lib/python3.10/dist-packages:${PYTHONPATH} /usr/bin/cmake --build /home/bninaos/Documents/ros2_ws/build/cpp_srvcli -- -j8 -l8
[0.881s] [ 50%] [32mBuilding CXX object CMakeFiles/client.dir/src/Client.cpp.o[0m
[0.881s] [ 50%] [32mBuilding CXX object CMakeFiles/server.dir/src/Server.cpp.o[0m
[2.496s] [01m[K/home/bninaos/Documents/ros2_ws/src/cpp_srvcli/src/Server.cpp:6:56:[m[K [01;31m[Kerror: [m[Kâ€˜[01m[KAddThreeInts[m[Kâ€™ is not a member of â€˜[01m[Kseabot_interfaces::srv[m[Kâ€™
[2.496s]     6 | void add(const std::shared_ptr<seabot_interfaces::srv::[01;31m[KAddThreeInts[m[K::Request> request,     // CHANGE
[2.496s]       |                                                        [01;31m[K^~~~~~~~~~~~[m[K
[2.497s] [01m[K/home/bninaos/Documents/ros2_ws/src/cpp_srvcli/src/Server.cpp:6:77:[m[K [01;31m[Kerror: [m[Ktemplate argument 1 is invalid
[2.497s]     6 | td::shared_ptr<seabot_interfaces::srv::AddThreeInts::Request[01;31m[K>[m[K request,     // CHANGE
[2.497s]       |                                                             [01;31m[K^[m[K
[2.497s] 
[2.497s] [01m[K/home/bninaos/Documents/ros2_ws/src/cpp_srvcli/src/Server.cpp:6:56:[m[K [01;31m[Kerror: [m[Kâ€˜[01m[KAddThreeInts[m[Kâ€™ is not a member of â€˜[01m[Kseabot_interfaces::srv[m[Kâ€™
[2.497s]     6 | void add(const std::shared_ptr<seabot_interfaces::srv::[01;31m[KAddThreeInts[m[K::Request> request,     // CHANGE
[2.497s]       |                                                        [01;31m[K^~~~~~~~~~~~[m[K
[2.497s] [01m[K/home/bninaos/Documents/ros2_ws/src/cpp_srvcli/src/Server.cpp:6:77:[m[K [01;31m[Kerror: [m[Ktemplate argument 1 is invalid
[2.497s]     6 | td::shared_ptr<seabot_interfaces::srv::AddThreeInts::Request[01;31m[K>[m[K request,     // CHANGE
[2.497s]       |                                                             [01;31m[K^[m[K
[2.497s] 
[2.497s] [01m[K/home/bninaos/Documents/ros2_ws/src/cpp_srvcli/src/Server.cpp:6:56:[m[K [01;31m[Kerror: [m[Kâ€˜[01m[KAddThreeInts[m[Kâ€™ is not a member of â€˜[01m[Kseabot_interfaces::srv[m[Kâ€™
[2.497s]     6 | void add(const std::shared_ptr<seabot_interfaces::srv::[01;31m[KAddThreeInts[m[K::Request> request,     // CHANGE
[2.497s]       |                                                        [01;31m[K^~~~~~~~~~~~[m[K
[2.497s] [01m[K/home/bninaos/Documents/ros2_ws/src/cpp_srvcli/src/Server.cpp:6:77:[m[K [01;31m[Kerror: [m[Ktemplate argument 1 is invalid
[2.497s]     6 | td::shared_ptr<seabot_interfaces::srv::AddThreeInts::Request[01;31m[K>[m[K request,     // CHANGE
[2.498s]       |                                                             [01;31m[K^[m[K
[2.498s] 
[2.498s] [01m[K/home/bninaos/Documents/ros2_ws/src/cpp_srvcli/src/Server.cpp:6:16:[m[K [01;31m[Kerror: [m[Kinvalid template-id
[2.498s]     6 | void add(const [01;31m[Kstd[m[K::shared_ptr<seabot_interfaces::srv::AddThreeInts::Request> request,     // CHANGE
[2.498s]       |                [01;31m[K^~~[m[K
[2.498s] [01m[K/home/bninaos/Documents/ros2_ws/src/cpp_srvcli/src/Server.cpp:6:56:[m[K [01;31m[Kerror: [m[Kâ€˜[01m[KAddThreeInts[m[Kâ€™ is not a member of â€˜[01m[Kseabot_interfaces::srv[m[Kâ€™
[2.498s]     6 | void add(const std::shared_ptr<seabot_interfaces::srv::[01;31m[KAddThreeInts[m[K::Request> request,     // CHANGE
[2.498s]       |                                                        [01;31m[K^~~~~~~~~~~~[m[K
[2.498s] [01m[K/home/bninaos/Documents/ros2_ws/src/cpp_srvcli/src/Server.cpp:6:6:[m[K [01;31m[Kerror: [m[Kvariable or field â€˜[01m[Kadd[m[Kâ€™ declared void
[2.498s]     6 | void [01;31m[Kadd[m[K(const std::shared_ptr<seabot_interfaces::srv::AddThreeInts::Request> request,     // CHANGE
[2.498s]       |      [01;31m[K^~~[m[K
[2.498s] [01m[K/home/bninaos/Documents/ros2_ws/src/cpp_srvcli/src/Server.cpp:6:10:[m[K [01;31m[Kerror: [m[Kexpected primary-expression before â€˜[01m[Kconst[m[Kâ€™
[2.499s]     6 | void add([01;31m[Kconst[m[K std::shared_ptr<seabot_interfaces::srv::AddThreeInts::Request> request,     // CHANGE
[2.499s]       |          [01;31m[K^~~~~[m[K
[2.499s] [01m[K/home/bninaos/Documents/ros2_ws/src/cpp_srvcli/src/Server.cpp:7:51:[m[K [01;31m[Kerror: [m[Kâ€˜[01m[KAddThreeInts[m[Kâ€™ is not a member of â€˜[01m[Kseabot_interfaces::srv[m[Kâ€™
[2.499s]     7 |           std::shared_ptr<seabot_interfaces::srv::[01;31m[KAddThreeInts[m[K::Response>       response)  // CHANGE
[2.499s]       |                                                   [01;31m[K^~~~~~~~~~~~[m[K
[2.499s] [01m[K/home/bninaos/Documents/ros2_ws/src/cpp_srvcli/src/Server.cpp:7:73:[m[K [01;31m[Kerror: [m[Ktemplate argument 1 is invalid
[2.499s]     7 | d::shared_ptr<seabot_interfaces::srv::AddThreeInts::Response[01;31m[K>[m[K       response)  // CHANGE
[2.499s]       |                                                             [01;31m[K^[m[K
[2.499s] 
[2.499s] [01m[K/home/bninaos/Documents/ros2_ws/src/cpp_srvcli/src/Server.cpp:[m[K In function â€˜[01m[Kint main(int, char**)[m[Kâ€™:
[2.499s] [01m[K/home/bninaos/Documents/ros2_ws/src/cpp_srvcli/src/Server.cpp:21:43:[m[K [01;31m[Kerror: [m[Kâ€˜[01m[KAddThreeInts[m[Kâ€™ is not a member of â€˜[01m[Kseabot_interfaces::srv[m[Kâ€™
[2.499s]    21 |   rclcpp::Service<seabot_interfaces::srv::[01;31m[KAddThreeInts[m[K>::SharedPtr service =               // CHANGE
[2.499s]       |                                           [01;31m[K^~~~~~~~~~~~[m[K
[2.500s] [01m[K/home/bninaos/Documents/ros2_ws/src/cpp_srvcli/src/Server.cpp:21:55:[m[K [01;31m[Kerror: [m[Ktemplate argument 1 is invalid
[2.500s]    21 |   rclcpp::Service<seabot_interfaces::srv::AddThreeInts[01;31m[K>[m[K::SharedPtr service =               // CHANGE
[2.500s]       |                                                       [01;31m[K^[m[K
[2.500s] [01m[K/home/bninaos/Documents/ros2_ws/src/cpp_srvcli/src/Server.cpp:21:68:[m[K [01;31m[Kerror: [m[Kexpected initializer before â€˜[01m[Kservice[m[Kâ€™
[2.500s]    21 | p::Service<seabot_interfaces::srv::AddThreeInts>::SharedPtr [01;31m[Kservice[m[K =               // CHANGE
[2.500s]       |                                                             [01;31m[K^~~~~~~[m[K
[2.500s] 
[2.542s] In file included from [01m[K/opt/ros/humble/include/rclcpp/rclcpp/logging.hpp:24[m[K,
[2.542s]                  from [01m[K/opt/ros/humble/include/rclcpp/rclcpp/client.hpp:40[m[K,
[2.542s]                  from [01m[K/opt/ros/humble/include/rclcpp/rclcpp/callback_group.hpp:24[m[K,
[2.543s]                  from [01m[K/opt/ros/humble/include/rclcpp/rclcpp/any_executable.hpp:20[m[K,
[2.543s]                  from [01m[K/opt/ros/humble/include/rclcpp/rclcpp/memory_strategy.hpp:25[m[K,
[2.543s]                  from [01m[K/opt/ros/humble/include/rclcpp/rclcpp/memory_strategies.hpp:18[m[K,
[2.543s]                  from [01m[K/opt/ros/humble/include/rclcpp/rclcpp/executor_options.hpp:20[m[K,
[2.543s]                  from [01m[K/opt/ros/humble/include/rclcpp/rclcpp/executor.hpp:37[m[K,
[2.543s]                  from [01m[K/opt/ros/humble/include/rclcpp/rclcpp/executors/multi_threaded_executor.hpp:25[m[K,
[2.543s]                  from [01m[K/opt/ros/humble/include/rclcpp/rclcpp/executors.hpp:21[m[K,
[2.543s]                  from [01m[K/opt/ros/humble/include/rclcpp/rclcpp/rclcpp.hpp:155[m[K,
[2.543s]                  from [01m[K/home/bninaos/Documents/ros2_ws/src/cpp_srvcli/src/Client.cpp:1[m[K:
[2.543s] [01m[K/home/bninaos/Documents/ros2_ws/src/cpp_srvcli/src/Client.cpp:[m[K In function â€˜[01m[Kint main(int, char**)[m[Kâ€™:
[2.543s] [01m[K/home/bninaos/Documents/ros2_ws/src/cpp_srvcli/src/Client.cpp:41:47:[m[K [01;35m[Kwarning: [m[Kformat â€˜[01m[K%s[m[Kâ€™ expects argument of type â€˜[01m[Kchar*[m[Kâ€™, but argument 5 has type â€˜[01m[Kseabot_interfaces::srv::Service_Response_<std::allocator<void> >::_feedback_type[m[Kâ€™ {aka â€˜[01m[Kstd::__cxx11::basic_string<char>[m[Kâ€™} [[01;35m[K]8;;https://gcc.gnu.org/onlinedocs/gcc/Warning-Options.html#index-Wformat=-Wformat=]8;;[m[K]
[2.543s]    41 |     RCLCPP_INFO(rclcpp::get_logger("rclcpp"), [01;35m[K"Status: %s"[m[K, result.get()->feedback);
[2.543s]       |                                               [01;35m[K^~~~~~~~~~~~[m[K
[2.544s] [01m[K/home/bninaos/Documents/ros2_ws/src/cpp_srvcli/src/Client.cpp:41:57:[m[K [01;36m[Knote: [m[Kformat string is defined here
[2.544s]    41 |     RCLCPP_INFO(rclcpp::get_logger("rclcpp"), "Status: [01;36m[K%s[m[K", result.get()->feedback);
[2.544s]       |                                                        [01;36m[K~^[m[K
[2.544s]       |                                                         [01;36m[K|[m[K
[2.544s]       |                                                         [01;36m[Kchar*[m[K
[2.826s] gmake[2]: *** [CMakeFiles/server.dir/build.make:76: CMakeFiles/server.dir/src/Server.cpp.o] Error 1
[2.827s] gmake[1]: *** [CMakeFiles/Makefile2:139: CMakeFiles/server.dir/all] Error 2
[2.827s] gmake[1]: *** Waiting for unfinished jobs....
[3.341s] [ 75%] [32m[1mLinking CXX executable client[0m
[3.443s] [ 75%] Built target client
[3.444s] gmake: *** [Makefile:146: all] Error 2
[3.445s] Invoked command in '/home/bninaos/Documents/ros2_ws/build/cpp_srvcli' returned '2': AMENT_PREFIX_PATH=/home/bninaos/Documents/ros2_ws/install/seabot_interfaces:${AMENT_PREFIX_PATH} CMAKE_PREFIX_PATH=/home/bninaos/Documents/ros2_ws/install/seabot_interfaces:/home/bninaos/microros/install/micro_ros_setup:/home/bninaos/microros/install/micro_ros_agent:/home/bninaos/microros/install/micro_ros_msgs:/opt/ros/humble LD_LIBRARY_PATH=/home/bninaos/Documents/ros2_ws/install/seabot_interfaces/lib:${LD_LIBRARY_PATH} PYTHONPATH=/home/bninaos/Documents/ros2_ws/install/seabot_interfaces/local/lib/python3.10/dist-packages:${PYTHONPATH} /usr/bin/cmake --build /home/bninaos/Documents/ros2_ws/build/cpp_srvcli -- -j8 -l8
