<?xml version="1.0" encoding="UTF-8"?>
<Site BuildName="(empty)"
	BuildStamp="20240819-1535-Experimental"
	Name="bninaos"
	Generator="ctest-3.22.1"
	CompilerName="/usr/bin/c++"
	CompilerVersion="11.4.0"
	OSName="Linux"
	Hostname="bninaos"
	OSRelease="6.5.0-44-generic"
	OSVersion="#44~22.04.1-Ubuntu SMP PREEMPT_DYNAMIC Tue Jun 18 14:36:16 UTC 2"
	OSPlatform="x86_64"
	Is64Bits="1"
	VendorString="GenuineIntel"
	VendorID="Intel Corporation"
	FamilyID="6"
	ModelID="140"
	ProcessorCacheSize="8192"
	NumberOfLogicalCPU="8"
	NumberOfPhysicalCPU="4"
	TotalVirtualMemory="0"
	TotalPhysicalMemory="11708"
	LogicalProcessorsPerPhysical="2"
	ProcessorClockFrequency="945.349"
	>
	<Testing>
		<StartDateTime>Aug 19 16:35 CET</StartDateTime>
		<StartTestTime>1724081735</StartTestTime>
		<TestList/>
		<EndDateTime>Aug 19 16:35 CET</EndDateTime>
		<EndTestTime>1724081735</EndTestTime>
		<ElapsedMinutes>0</ElapsedMinutes>
	</Testing>
</Site>
